<?xml version="1.0" encoding="UTF-8"?>
<!-- Generated by org.testng.reporters.JUnitXMLReporter -->
<testsuite ignored="26" hostname="Matts-MBP" failures="0" tests="2" name="Command line test" time="199.188" errors="0" timestamp="2022-11-19T13:53:14 PST">
  <testcase classname="re.tests.GetQuotePublicDataTest" name="getQuotePublicData" time="75.005"/>
  <testcase classname="re.tests.GetQuoteManuallyTest" name="getQuoteManually" time="68.876"/>
  <testcase classname="com.amaxinsurance.tests.SuretyBondQuotePageTest" name="verifyPageTitle" time="0.0">
    <ignored/>
  </testcase> <!-- verifyPageTitle -->
  <testcase classname="com.amaxinsurance.tests.GeneralLiabilityQuotePageTest" name="verifyPageTitle" time="0.0">
    <ignored/>
  </testcase> <!-- verifyPageTitle -->
  <testcase classname="com.amaxinsurance.tests.NotaryServicesQuotePageTest" name="verifyPageTitle" time="0.0">
    <ignored/>
  </testcase> <!-- verifyPageTitle -->
  <testcase classname="com.amaxinsurance.tests.HomeownersQuotePageTest" name="verifyPageTitle" time="0.0">
    <ignored/>
  </testcase> <!-- verifyPageTitle -->
  <testcase classname="com.amaxinsurance.tests.RentersQuotePageTest" name="verifyPageTitle" time="0.0">
    <ignored/>
  </testcase> <!-- verifyPageTitle -->
  <testcase classname="com.amaxinsurance.tests.FaQsPageTest" name="verifyPageTitle" time="0.0">
    <ignored/>
  </testcase> <!-- verifyPageTitle -->
  <testcase classname="com.budgetandvarianceapp.tests.BudgetAndVarianceHomePageTest" name="getPageTitleTest" time="0.0">
    <ignored/>
  </testcase> <!-- getPageTitleTest -->
  <testcase classname="com.amaxinsurance.tests.MobileHomeQuotePageTest" name="verifyPageTitle" time="0.0">
    <ignored/>
  </testcase> <!-- verifyPageTitle -->
  <testcase classname="com.amaxinsurance.tests.MakeAPaymentPageTest" name="verifyPageTitle" time="0.0">
    <ignored/>
  </testcase> <!-- verifyPageTitle -->
  <testcase classname="com.amaxinsurance.tests.NewsAndEventsPageTest" name="verifyPageTitle" time="0.0">
    <ignored/>
  </testcase> <!-- verifyPageTitle -->
  <testcase classname="com.amaxinsurance.tests.Sr22QuotePageTest" name="verifyPageTitle" time="0.0">
    <ignored/>
  </testcase> <!-- verifyPageTitle -->
  <testcase classname="com.amaxinsurance.tests.MakaAClaimPageTest" name="verifyPageTitle" time="0.0">
    <ignored/>
  </testcase> <!-- verifyPageTitle -->
  <testcase classname="com.amaxinsurance.tests.ContactUsPageTest" name="verifyPageTitle" time="0.0">
    <ignored/>
  </testcase> <!-- verifyPageTitle -->
  <testcase classname="com.amaxinsurance.tests.RVQuotePageTest" name="verifyPageTitle" time="0.0">
    <ignored/>
  </testcase> <!-- verifyPageTitle -->
  <testcase classname="com.amaxinsurance.tests.MotorCycleQuotePageTest" name="verifyPageTitle" time="0.0">
    <ignored/>
  </testcase> <!-- verifyPageTitle -->
  <testcase classname="com.amaxinsurance.tests.BlogPageTest" name="verifyPageTitle" time="0.0">
    <ignored/>
  </testcase> <!-- verifyPageTitle -->
  <testcase classname="com.amaxinsurance.tests.CareersPageTest" name="verifyPageTitle" time="0.0">
    <ignored/>
  </testcase> <!-- verifyPageTitle -->
  <testcase classname="com.amaxinsurance.tests.OurCompanyPageTest" name="verifyPageTitle" time="0.0">
    <ignored/>
  </testcase> <!-- verifyPageTitle -->
  <testcase classname="com.amaxinsurance.tests.ReferAFriendPageTest" name="verifyPageTitle" time="0.0">
    <ignored/>
  </testcase> <!-- verifyPageTitle -->
  <testcase classname="com.audit.amaxinsurance.tests.UnderWritingPageTest" name="checkUnderWritingPageTitleTest" time="0.0">
    <ignored/>
  </testcase> <!-- checkUnderWritingPageTitleTest -->
  <testcase classname="com.ref.amaxinsurance.winback.tests.ReferenceReportPageTitleTest" name="pageTitleWinbackTest" time="0.0">
    <ignored/>
  </testcase> <!-- pageTitleWinbackTest -->
  <testcase classname="com.amaxinsurance.tests.FindAnOfficePageTest" name="verifyPageTitle" time="0.0">
    <ignored/>
  </testcase> <!-- verifyPageTitle -->
  <testcase classname="com.amaxinsurance.tests.CommercialAutoQuotePageTest" name="verifyPageTitle" time="0.0">
    <ignored/>
  </testcase> <!-- verifyPageTitle -->
  <testcase classname="com.amaxinsurance.tests.BoatsAndWatercraftPageQuoteTest" name="verifyPageTitle" time="0.0">
    <ignored/>
  </testcase> <!-- verifyPageTitle -->
  <testcase classname="com.audit.amaxinsurance.tests.UnderWritingPageTest" name="loginUnderWritingPortalTest" time="0.0">
    <ignored/>
  </testcase> <!-- loginUnderWritingPortalTest -->
  <testcase classname="com.amaxinsurance.tests.MexicoTouristQuotePageTest" name="verifyPageTitle" time="0.0">
    <ignored/>
  </testcase> <!-- verifyPageTitle -->
</testsuite> <!-- Command line test -->
