<?xml version="1.0" encoding="UTF-8"?>
<testng-results ignored="26" total="28" passed="2" failed="0" skipped="0">
  <reporter-output>
  </reporter-output>
  <suite started-at="2022-11-07T08:37:34 PST" name="Command line suite" finished-at="2022-11-07T08:40:32 PST" duration-ms="177653">
    <groups>
    </groups>
    <test started-at="2022-11-07T08:37:34 PST" name="Command line test" finished-at="2022-11-07T08:40:32 PST" duration-ms="177653">
      <class name="re.tests.GetQuotePublicDataTest">
        <test-method is-config="true" signature="setUp()[pri:0, instance:re.tests.GetQuotePublicDataTest@2ea6137]" started-at="2022-11-07T08:37:34 PST" name="setUp" finished-at="2022-11-07T08:38:03 PST" duration-ms="28758" status="PASS">
          <reporter-output>
          </reporter-output>
        </test-method> <!-- setUp -->
        <test-method signature="getQuotePublicData()[pri:0, instance:re.tests.GetQuotePublicDataTest@2ea6137]" started-at="2022-11-07T08:38:03 PST" name="getQuotePublicData" finished-at="2022-11-07T08:39:12 PST" duration-ms="68389" status="PASS">
          <reporter-output>
          </reporter-output>
        </test-method> <!-- getQuotePublicData -->
        <test-method is-config="true" signature="tearDown()[pri:0, instance:re.tests.GetQuotePublicDataTest@2ea6137]" started-at="2022-11-07T08:39:12 PST" name="tearDown" finished-at="2022-11-07T08:39:12 PST" duration-ms="0" status="PASS">
          <reporter-output>
          </reporter-output>
        </test-method> <!-- tearDown -->
      </class> <!-- re.tests.GetQuotePublicDataTest -->
      <class name="re.tests.GetQuoteManuallyTest">
        <test-method is-config="true" signature="setUp()[pri:0, instance:re.tests.GetQuoteManuallyTest@41ee392b]" started-at="2022-11-07T08:39:12 PST" name="setUp" finished-at="2022-11-07T08:39:39 PST" duration-ms="27006" status="PASS">
          <reporter-output>
          </reporter-output>
        </test-method> <!-- setUp -->
        <test-method signature="getQuoteManually()[pri:0, instance:re.tests.GetQuoteManuallyTest@41ee392b]" started-at="2022-11-07T08:39:39 PST" name="getQuoteManually" finished-at="2022-11-07T08:40:32 PST" duration-ms="53485" status="PASS">
          <reporter-output>
          </reporter-output>
        </test-method> <!-- getQuoteManually -->
        <test-method is-config="true" signature="tearDown()[pri:0, instance:re.tests.GetQuoteManuallyTest@41ee392b]" started-at="2022-11-07T08:40:32 PST" name="tearDown" finished-at="2022-11-07T08:40:32 PST" duration-ms="0" status="PASS">
          <reporter-output>
          </reporter-output>
        </test-method> <!-- tearDown -->
      </class> <!-- re.tests.GetQuoteManuallyTest -->
    </test> <!-- Command line test -->
  </suite> <!-- Command line suite -->
</testng-results>
