<?xml version="1.0" encoding="UTF-8"?>
<testng-results ignored="0" total="28" passed="26" failed="2" skipped="0">
  <reporter-output>
  </reporter-output>
  <suite started-at="2022-10-31T21:20:52 PDT" name="Command line suite" finished-at="2022-10-31T21:57:20 PDT" duration-ms="2188442">
    <groups>
    </groups>
    <test started-at="2022-10-31T21:20:52 PDT" name="Command line test" finished-at="2022-10-31T21:57:20 PDT" duration-ms="2188442">
      <class name="com.amaxinsurance.tests.Sr22QuotePageTest">
        <test-method is-config="true" signature="setUp()[pri:0, instance:com.amaxinsurance.tests.Sr22QuotePageTest@7f9fcf7f]" started-at="2022-10-31T21:30:59 PDT" name="setUp" finished-at="2022-10-31T21:31:27 PDT" duration-ms="28426" status="PASS">
          <reporter-output>
          </reporter-output>
        </test-method> <!-- setUp -->
        <test-method signature="verifyPageTitle()[pri:0, instance:com.amaxinsurance.tests.Sr22QuotePageTest@7f9fcf7f]" started-at="2022-10-31T21:31:27 PDT" name="verifyPageTitle" finished-at="2022-10-31T21:31:37 PDT" duration-ms="9752" status="PASS">
          <reporter-output>
          </reporter-output>
        </test-method> <!-- verifyPageTitle -->
        <test-method is-config="true" signature="tearDown()[pri:0, instance:com.amaxinsurance.tests.Sr22QuotePageTest@7f9fcf7f]" started-at="2022-10-31T21:31:37 PDT" name="tearDown" finished-at="2022-10-31T21:31:37 PDT" duration-ms="1" status="PASS">
          <reporter-output>
          </reporter-output>
        </test-method> <!-- tearDown -->
      </class> <!-- com.amaxinsurance.tests.Sr22QuotePageTest -->
      <class name="com.amaxinsurance.tests.MotorCycleQuotePageTest">
        <test-method is-config="true" signature="setUp()[pri:0, instance:com.amaxinsurance.tests.MotorCycleQuotePageTest@6328d34a]" started-at="2022-10-31T21:32:10 PDT" name="setUp" finished-at="2022-10-31T21:32:36 PDT" duration-ms="25838" status="PASS">
          <reporter-output>
          </reporter-output>
        </test-method> <!-- setUp -->
        <test-method signature="verifyPageTitle()[pri:0, instance:com.amaxinsurance.tests.MotorCycleQuotePageTest@6328d34a]" started-at="2022-10-31T21:32:36 PDT" name="verifyPageTitle" finished-at="2022-10-31T21:32:43 PDT" duration-ms="6549" status="PASS">
          <reporter-output>
          </reporter-output>
        </test-method> <!-- verifyPageTitle -->
        <test-method is-config="true" signature="tearDown()[pri:0, instance:com.amaxinsurance.tests.MotorCycleQuotePageTest@6328d34a]" started-at="2022-10-31T21:32:43 PDT" name="tearDown" finished-at="2022-10-31T21:32:43 PDT" duration-ms="1" status="PASS">
          <reporter-output>
          </reporter-output>
        </test-method> <!-- tearDown -->
      </class> <!-- com.amaxinsurance.tests.MotorCycleQuotePageTest -->
      <class name="com.amaxinsurance.tests.MexicoTouristQuotePageTest">
        <test-method is-config="true" signature="setUp()[pri:0, instance:com.amaxinsurance.tests.MexicoTouristQuotePageTest@1a38c59b]" started-at="2022-10-31T21:29:15 PDT" name="setUp" finished-at="2022-10-31T21:29:43 PDT" duration-ms="27174" status="PASS">
          <reporter-output>
          </reporter-output>
        </test-method> <!-- setUp -->
        <test-method signature="verifyPageTitle()[pri:0, instance:com.amaxinsurance.tests.MexicoTouristQuotePageTest@1a38c59b]" started-at="2022-10-31T21:29:43 PDT" name="verifyPageTitle" finished-at="2022-10-31T21:29:49 PDT" duration-ms="6297" status="PASS">
          <reporter-output>
          </reporter-output>
        </test-method> <!-- verifyPageTitle -->
        <test-method is-config="true" signature="tearDown()[pri:0, instance:com.amaxinsurance.tests.MexicoTouristQuotePageTest@1a38c59b]" started-at="2022-10-31T21:29:49 PDT" name="tearDown" finished-at="2022-10-31T21:29:49 PDT" duration-ms="0" status="PASS">
          <reporter-output>
          </reporter-output>
        </test-method> <!-- tearDown -->
      </class> <!-- com.amaxinsurance.tests.MexicoTouristQuotePageTest -->
      <class name="com.amaxinsurance.tests.ReferAFriendPageTest">
        <test-method is-config="true" signature="setUp()[pri:0, instance:com.amaxinsurance.tests.ReferAFriendPageTest@1a052a00]" started-at="2022-10-31T21:26:10 PDT" name="setUp" finished-at="2022-10-31T21:26:36 PDT" duration-ms="26241" status="PASS">
          <reporter-output>
          </reporter-output>
        </test-method> <!-- setUp -->
        <test-method signature="verifyPageTitle()[pri:0, instance:com.amaxinsurance.tests.ReferAFriendPageTest@1a052a00]" started-at="2022-10-31T21:26:36 PDT" name="verifyPageTitle" finished-at="2022-10-31T21:26:49 PDT" duration-ms="13311" status="PASS">
          <reporter-output>
          </reporter-output>
        </test-method> <!-- verifyPageTitle -->
        <test-method is-config="true" signature="tearDown()[pri:0, instance:com.amaxinsurance.tests.ReferAFriendPageTest@1a052a00]" started-at="2022-10-31T21:26:49 PDT" name="tearDown" finished-at="2022-10-31T21:26:49 PDT" duration-ms="0" status="PASS">
          <reporter-output>
          </reporter-output>
        </test-method> <!-- tearDown -->
      </class> <!-- com.amaxinsurance.tests.ReferAFriendPageTest -->
      <class name="com.amaxinsurance.tests.RentersQuotePageTest">
        <test-method is-config="true" signature="setUp()[pri:0, instance:com.amaxinsurance.tests.RentersQuotePageTest@7bb58ca3]" started-at="2022-10-31T21:24:58 PDT" name="setUp" finished-at="2022-10-31T21:25:25 PDT" duration-ms="27392" status="PASS">
          <reporter-output>
          </reporter-output>
        </test-method> <!-- setUp -->
        <test-method signature="verifyPageTitle()[pri:0, instance:com.amaxinsurance.tests.RentersQuotePageTest@7bb58ca3]" started-at="2022-10-31T21:25:25 PDT" name="verifyPageTitle" finished-at="2022-10-31T21:25:35 PDT" duration-ms="9451" status="PASS">
          <reporter-output>
          </reporter-output>
        </test-method> <!-- verifyPageTitle -->
        <test-method is-config="true" signature="tearDown()[pri:0, instance:com.amaxinsurance.tests.RentersQuotePageTest@7bb58ca3]" started-at="2022-10-31T21:25:35 PDT" name="tearDown" finished-at="2022-10-31T21:25:35 PDT" duration-ms="0" status="PASS">
          <reporter-output>
          </reporter-output>
        </test-method> <!-- tearDown -->
      </class> <!-- com.amaxinsurance.tests.RentersQuotePageTest -->
      <class name="com.amaxinsurance.tests.GeneralLiabilityQuotePageTest">
        <test-method is-config="true" signature="setUp()[pri:0, instance:com.amaxinsurance.tests.GeneralLiabilityQuotePageTest@8b96fde]" started-at="2022-10-31T21:34:01 PDT" name="setUp" finished-at="2022-10-31T21:34:31 PDT" duration-ms="29847" status="PASS">
          <reporter-output>
          </reporter-output>
        </test-method> <!-- setUp -->
        <test-method signature="verifyPageTitle()[pri:0, instance:com.amaxinsurance.tests.GeneralLiabilityQuotePageTest@8b96fde]" started-at="2022-10-31T21:34:31 PDT" name="verifyPageTitle" finished-at="2022-10-31T21:34:46 PDT" duration-ms="14892" status="PASS">
          <reporter-output>
          </reporter-output>
        </test-method> <!-- verifyPageTitle -->
        <test-method is-config="true" signature="tearDown()[pri:0, instance:com.amaxinsurance.tests.GeneralLiabilityQuotePageTest@8b96fde]" started-at="2022-10-31T21:34:46 PDT" name="tearDown" finished-at="2022-10-31T21:34:46 PDT" duration-ms="1" status="PASS">
          <reporter-output>
          </reporter-output>
        </test-method> <!-- tearDown -->
      </class> <!-- com.amaxinsurance.tests.GeneralLiabilityQuotePageTest -->
      <class name="com.amaxinsurance.tests.NewsAndEventsPageTest">
        <test-method is-config="true" signature="setUp()[pri:0, instance:com.amaxinsurance.tests.NewsAndEventsPageTest@2357d90a]" started-at="2022-10-31T21:31:37 PDT" name="setUp" finished-at="2022-10-31T21:32:00 PDT" duration-ms="23712" status="PASS">
          <reporter-output>
          </reporter-output>
        </test-method> <!-- setUp -->
        <test-method signature="verifyPageTitle()[pri:0, instance:com.amaxinsurance.tests.NewsAndEventsPageTest@2357d90a]" started-at="2022-10-31T21:32:00 PDT" name="verifyPageTitle" finished-at="2022-10-31T21:32:10 PDT" duration-ms="9947" status="PASS">
          <reporter-output>
          </reporter-output>
        </test-method> <!-- verifyPageTitle -->
        <test-method is-config="true" signature="tearDown()[pri:0, instance:com.amaxinsurance.tests.NewsAndEventsPageTest@2357d90a]" started-at="2022-10-31T21:32:10 PDT" name="tearDown" finished-at="2022-10-31T21:32:10 PDT" duration-ms="1" status="PASS">
          <reporter-output>
          </reporter-output>
        </test-method> <!-- tearDown -->
      </class> <!-- com.amaxinsurance.tests.NewsAndEventsPageTest -->
      <class name="com.amaxinsurance.tests.FindAnOfficePageTest">
        <test-method is-config="true" signature="setUp()[pri:0, instance:com.amaxinsurance.tests.FindAnOfficePageTest@57175e74]" started-at="2022-10-31T21:24:17 PDT" name="setUp" finished-at="2022-10-31T21:24:47 PDT" duration-ms="29056" status="PASS">
          <reporter-output>
          </reporter-output>
        </test-method> <!-- setUp -->
        <test-method signature="verifyPageTitle()[pri:0, instance:com.amaxinsurance.tests.FindAnOfficePageTest@57175e74]" started-at="2022-10-31T21:24:47 PDT" name="verifyPageTitle" finished-at="2022-10-31T21:24:58 PDT" duration-ms="11510" status="PASS">
          <reporter-output>
          </reporter-output>
        </test-method> <!-- verifyPageTitle -->
        <test-method is-config="true" signature="tearDown()[pri:0, instance:com.amaxinsurance.tests.FindAnOfficePageTest@57175e74]" started-at="2022-10-31T21:24:58 PDT" name="tearDown" finished-at="2022-10-31T21:24:58 PDT" duration-ms="1" status="PASS">
          <reporter-output>
          </reporter-output>
        </test-method> <!-- tearDown -->
      </class> <!-- com.amaxinsurance.tests.FindAnOfficePageTest -->
      <class name="com.audit.amaxinsurance.tests.UnderWritingPageTest">
        <test-method is-config="true" signature="setUp()[pri:0, instance:com.audit.amaxinsurance.tests.UnderWritingPageTest@4c40b76e]" started-at="2022-10-31T21:34:58 PDT" name="setUp" finished-at="2022-10-31T21:35:04 PDT" duration-ms="6141" status="PASS">
          <reporter-output>
          </reporter-output>
        </test-method> <!-- setUp -->
        <test-method signature="checkUnderWritingPageTitleTest()[pri:0, instance:com.audit.amaxinsurance.tests.UnderWritingPageTest@4c40b76e]" started-at="2022-10-31T21:35:04 PDT" name="checkUnderWritingPageTitleTest" finished-at="2022-10-31T21:35:04 PDT" duration-ms="72" status="PASS">
          <reporter-output>
          </reporter-output>
        </test-method> <!-- checkUnderWritingPageTitleTest -->
        <test-method is-config="true" signature="tearDown()[pri:0, instance:com.audit.amaxinsurance.tests.UnderWritingPageTest@4c40b76e]" started-at="2022-10-31T21:35:04 PDT" name="tearDown" finished-at="2022-10-31T21:35:05 PDT" duration-ms="115" status="PASS">
          <reporter-output>
          </reporter-output>
        </test-method> <!-- tearDown -->
        <test-method is-config="true" signature="setUp()[pri:0, instance:com.audit.amaxinsurance.tests.UnderWritingPageTest@4c40b76e]" started-at="2022-10-31T21:35:05 PDT" name="setUp" finished-at="2022-10-31T21:35:11 PDT" duration-ms="6621" status="PASS">
          <reporter-output>
          </reporter-output>
        </test-method> <!-- setUp -->
        <test-method signature="loginUnderWritingPortalTest()[pri:0, instance:com.audit.amaxinsurance.tests.UnderWritingPageTest@4c40b76e]" started-at="2022-10-31T21:35:11 PDT" name="loginUnderWritingPortalTest" finished-at="2022-10-31T21:35:16 PDT" duration-ms="5273" status="PASS">
          <reporter-output>
          </reporter-output>
        </test-method> <!-- loginUnderWritingPortalTest -->
        <test-method is-config="true" signature="tearDown()[pri:0, instance:com.audit.amaxinsurance.tests.UnderWritingPageTest@4c40b76e]" started-at="2022-10-31T21:35:16 PDT" name="tearDown" finished-at="2022-10-31T21:35:17 PDT" duration-ms="121" status="PASS">
          <reporter-output>
          </reporter-output>
        </test-method> <!-- tearDown -->
      </class> <!-- com.audit.amaxinsurance.tests.UnderWritingPageTest -->
      <class name="re.tests.GetQuotePublicDataTest">
        <test-method is-config="true" signature="setUp()[pri:0, instance:re.tests.GetQuotePublicDataTest@2ea6137]" started-at="2022-10-31T21:35:17 PDT" name="setUp" finished-at="2022-10-31T21:35:43 PDT" duration-ms="26499" status="PASS">
          <reporter-output>
          </reporter-output>
        </test-method> <!-- setUp -->
        <test-method signature="getQuotePublicData()[pri:0, instance:re.tests.GetQuotePublicDataTest@2ea6137]" started-at="2022-10-31T21:35:43 PDT" name="getQuotePublicData" finished-at="2022-10-31T21:36:59 PDT" duration-ms="75434" status="PASS">
          <reporter-output>
          </reporter-output>
        </test-method> <!-- getQuotePublicData -->
        <test-method is-config="true" signature="tearDown()[pri:0, instance:re.tests.GetQuotePublicDataTest@2ea6137]" started-at="2022-10-31T21:36:59 PDT" name="tearDown" finished-at="2022-10-31T21:36:59 PDT" duration-ms="0" status="PASS">
          <reporter-output>
          </reporter-output>
        </test-method> <!-- tearDown -->
      </class> <!-- re.tests.GetQuotePublicDataTest -->
      <class name="com.amaxinsurance.tests.MakeAPaymentPageTest">
        <test-method is-config="true" signature="setUp()[pri:0, instance:com.amaxinsurance.tests.MakeAPaymentPageTest@44a664f2]" started-at="2022-10-31T21:30:24 PDT" name="setUp" finished-at="2022-10-31T21:30:51 PDT" duration-ms="27886" status="PASS">
          <reporter-output>
          </reporter-output>
        </test-method> <!-- setUp -->
        <test-method signature="verifyPageTitle()[pri:0, instance:com.amaxinsurance.tests.MakeAPaymentPageTest@44a664f2]" started-at="2022-10-31T21:30:51 PDT" name="verifyPageTitle" finished-at="2022-10-31T21:30:59 PDT" duration-ms="7072" status="PASS">
          <reporter-output>
          </reporter-output>
        </test-method> <!-- verifyPageTitle -->
        <test-method is-config="true" signature="tearDown()[pri:0, instance:com.amaxinsurance.tests.MakeAPaymentPageTest@44a664f2]" started-at="2022-10-31T21:30:59 PDT" name="tearDown" finished-at="2022-10-31T21:30:59 PDT" duration-ms="1" status="PASS">
          <reporter-output>
          </reporter-output>
        </test-method> <!-- tearDown -->
      </class> <!-- com.amaxinsurance.tests.MakeAPaymentPageTest -->
      <class name="com.amaxinsurance.tests.CommercialAutoQuotePageTest">
        <test-method is-config="true" signature="setUp()[pri:0, instance:com.amaxinsurance.tests.CommercialAutoQuotePageTest@145eaa29]" started-at="2022-10-31T21:32:43 PDT" name="setUp" finished-at="2022-10-31T21:33:11 PDT" duration-ms="27837" status="PASS">
          <reporter-output>
          </reporter-output>
        </test-method> <!-- setUp -->
        <test-method signature="verifyPageTitle()[pri:0, instance:com.amaxinsurance.tests.CommercialAutoQuotePageTest@145eaa29]" started-at="2022-10-31T21:33:11 PDT" name="verifyPageTitle" finished-at="2022-10-31T21:33:24 PDT" duration-ms="13093" status="PASS">
          <reporter-output>
          </reporter-output>
        </test-method> <!-- verifyPageTitle -->
        <test-method is-config="true" signature="tearDown()[pri:0, instance:com.amaxinsurance.tests.CommercialAutoQuotePageTest@145eaa29]" started-at="2022-10-31T21:33:24 PDT" name="tearDown" finished-at="2022-10-31T21:33:24 PDT" duration-ms="1" status="PASS">
          <reporter-output>
          </reporter-output>
        </test-method> <!-- tearDown -->
      </class> <!-- com.amaxinsurance.tests.CommercialAutoQuotePageTest -->
      <class name="com.ref.amaxinsurance.winback.tests.ReferenceReportPageTitleTest">
        <test-method is-config="true" signature="setUp()[pri:0, instance:com.ref.amaxinsurance.winback.tests.ReferenceReportPageTitleTest@551bdc27]" started-at="2022-10-31T21:20:52 PDT" name="setUp" finished-at="2022-10-31T21:20:58 PDT" duration-ms="6443" status="PASS">
          <reporter-output>
          </reporter-output>
        </test-method> <!-- setUp -->
        <test-method signature="pageTitleWinbackTest()[pri:0, instance:com.ref.amaxinsurance.winback.tests.ReferenceReportPageTitleTest@551bdc27]" started-at="2022-10-31T21:20:58 PDT" name="pageTitleWinbackTest" finished-at="2022-10-31T21:21:18 PDT" duration-ms="20060" status="FAIL">
          <exception class="org.openqa.selenium.NoSuchElementException">
            <message>
              <![CDATA[no such element: Unable to locate element: {"method":"xpath","selector":"//*[@id="Titlediv"]/div[1]/div"}
  (Session info: chrome=107.0.5304.87)
For documentation on this error, please visit: https://selenium.dev/exceptions/#no_such_element
Build info: version: '4.1.1', revision: 'e8fcc2cecf'
System info: host: 'Matts-MBP', ip: '2600:8802:170d:5000:0:0:0:1f02%en0', os.name: 'Mac OS X', os.arch: 'aarch64', os.version: '13.0', java.version: '19'
Driver info: org.openqa.selenium.chrome.ChromeDriver
Command: [719b09f79aa5235c5024526321ef3478, findElement {using=xpath, value=//*[@id="Titlediv"]/div[1]/div}]
Capabilities {acceptInsecureCerts: false, browserName: chrome, browserVersion: 107.0.5304.87, chrome: {chromedriverVersion: 107.0.5304.62 (1eec40d3a576..., userDataDir: /var/folders/tl/cz3zsyk91m1...}, goog:chromeOptions: {debuggerAddress: localhost:49693}, javascriptEnabled: true, networkConnectionEnabled: false, pageLoadStrategy: normal, platform: MAC, platformName: MAC, proxy: Proxy(), se:cdp: ws://localhost:49693/devtoo..., se:cdpVersion: 107.0.5304.87, setWindowRect: true, strictFileInteractability: false, timeouts: {implicit: 0, pageLoad: 300000, script: 30000}, unhandledPromptBehavior: dismiss and notify, webauthn:extension:credBlob: true, webauthn:extension:largeBlob: true, webauthn:virtualAuthenticators: true}
Session ID: 719b09f79aa5235c5024526321ef3478]]>
            </message>
            <full-stacktrace>
              <![CDATA[org.openqa.selenium.NoSuchElementException: no such element: Unable to locate element: {"method":"xpath","selector":"//*[@id="Titlediv"]/div[1]/div"}
  (Session info: chrome=107.0.5304.87)
For documentation on this error, please visit: https://selenium.dev/exceptions/#no_such_element
Build info: version: '4.1.1', revision: 'e8fcc2cecf'
System info: host: 'Matts-MBP', ip: '2600:8802:170d:5000:0:0:0:1f02%en0', os.name: 'Mac OS X', os.arch: 'aarch64', os.version: '13.0', java.version: '19'
Driver info: org.openqa.selenium.chrome.ChromeDriver
Command: [719b09f79aa5235c5024526321ef3478, findElement {using=xpath, value=//*[@id="Titlediv"]/div[1]/div}]
Capabilities {acceptInsecureCerts: false, browserName: chrome, browserVersion: 107.0.5304.87, chrome: {chromedriverVersion: 107.0.5304.62 (1eec40d3a576..., userDataDir: /var/folders/tl/cz3zsyk91m1...}, goog:chromeOptions: {debuggerAddress: localhost:49693}, javascriptEnabled: true, networkConnectionEnabled: false, pageLoadStrategy: normal, platform: MAC, platformName: MAC, proxy: Proxy(), se:cdp: ws://localhost:49693/devtoo..., se:cdpVersion: 107.0.5304.87, setWindowRect: true, strictFileInteractability: false, timeouts: {implicit: 0, pageLoad: 300000, script: 30000}, unhandledPromptBehavior: dismiss and notify, webauthn:extension:credBlob: true, webauthn:extension:largeBlob: true, webauthn:virtualAuthenticators: true}
Session ID: 719b09f79aa5235c5024526321ef3478
at java.base/jdk.internal.reflect.DirectConstructorHandleAccessor.newInstance(DirectConstructorHandleAccessor.java:67)
at java.base/java.lang.reflect.Constructor.newInstanceWithCaller(Constructor.java:500)
at java.base/java.lang.reflect.Constructor.newInstance(Constructor.java:484)
at org.openqa.selenium.remote.codec.w3c.W3CHttpResponseCodec.createException(W3CHttpResponseCodec.java:200)
at org.openqa.selenium.remote.codec.w3c.W3CHttpResponseCodec.decode(W3CHttpResponseCodec.java:133)
at org.openqa.selenium.remote.codec.w3c.W3CHttpResponseCodec.decode(W3CHttpResponseCodec.java:53)
at org.openqa.selenium.remote.HttpCommandExecutor.execute(HttpCommandExecutor.java:184)
at org.openqa.selenium.remote.service.DriverCommandExecutor.invokeExecute(DriverCommandExecutor.java:167)
at org.openqa.selenium.remote.service.DriverCommandExecutor.execute(DriverCommandExecutor.java:142)
at org.openqa.selenium.remote.RemoteWebDriver.execute(RemoteWebDriver.java:543)
at org.openqa.selenium.remote.ElementLocation$ElementFinder$2.findElement(ElementLocation.java:162)
at org.openqa.selenium.remote.ElementLocation.findElement(ElementLocation.java:60)
at org.openqa.selenium.remote.RemoteWebDriver.findElement(RemoteWebDriver.java:367)
at org.openqa.selenium.remote.RemoteWebDriver.findElement(RemoteWebDriver.java:359)
at com.ref.amaxinsurance.winback.tests.ReferenceReportPageTitleTest.pageTitleWinbackTest(ReferenceReportPageTitleTest.java:32)
at java.base/jdk.internal.reflect.DirectMethodHandleAccessor.invoke(DirectMethodHandleAccessor.java:104)
at java.base/java.lang.reflect.Method.invoke(Method.java:578)
at org.testng.internal.invokers.MethodInvocationHelper.invokeMethod(MethodInvocationHelper.java:135)
at org.testng.internal.invokers.TestInvoker.invokeMethod(TestInvoker.java:673)
at org.testng.internal.invokers.TestInvoker.invokeTestMethod(TestInvoker.java:220)
at org.testng.internal.invokers.MethodRunner.runInSequence(MethodRunner.java:50)
at org.testng.internal.invokers.TestInvoker$MethodInvocationAgent.invoke(TestInvoker.java:945)
at org.testng.internal.invokers.TestInvoker.invokeTestMethods(TestInvoker.java:193)
at org.testng.internal.invokers.TestMethodWorker.invokeTestMethods(TestMethodWorker.java:146)
at org.testng.internal.invokers.TestMethodWorker.run(TestMethodWorker.java:128)
at java.base/java.util.ArrayList.forEach(ArrayList.java:1511)
at org.testng.TestRunner.privateRun(TestRunner.java:808)
at org.testng.TestRunner.run(TestRunner.java:603)
at org.testng.SuiteRunner.runTest(SuiteRunner.java:429)
at org.testng.SuiteRunner.runSequentially(SuiteRunner.java:423)
at org.testng.SuiteRunner.privateRun(SuiteRunner.java:383)
at org.testng.SuiteRunner.run(SuiteRunner.java:326)
at org.testng.SuiteRunnerWorker.runSuite(SuiteRunnerWorker.java:52)
at org.testng.SuiteRunnerWorker.run(SuiteRunnerWorker.java:95)
at org.testng.TestNG.runSuitesSequentially(TestNG.java:1249)
at org.testng.TestNG.runSuitesLocally(TestNG.java:1169)
at org.testng.TestNG.runSuites(TestNG.java:1092)
at org.testng.TestNG.run(TestNG.java:1060)
at org.apache.maven.surefire.testng.TestNGExecutor.run(TestNGExecutor.java:77)
at org.apache.maven.surefire.testng.TestNGDirectoryTestSuite.executeMulti(TestNGDirectoryTestSuite.java:159)
at org.apache.maven.surefire.testng.TestNGDirectoryTestSuite.execute(TestNGDirectoryTestSuite.java:99)
at org.apache.maven.surefire.testng.TestNGProvider.invoke(TestNGProvider.java:106)
at java.base/jdk.internal.reflect.DirectMethodHandleAccessor.invoke(DirectMethodHandleAccessor.java:104)
at java.base/java.lang.reflect.Method.invoke(Method.java:578)
at org.apache.maven.surefire.util.ReflectionUtils.invokeMethodWithArray(ReflectionUtils.java:189)
at org.apache.maven.surefire.booter.ProviderFactory$ProviderProxy.invoke(ProviderFactory.java:165)
at org.apache.maven.surefire.booter.ProviderFactory.invokeProvider(ProviderFactory.java:85)
at org.apache.maven.surefire.booter.ForkedBooter.runSuitesInProcess(ForkedBooter.java:115)
at org.apache.maven.surefire.booter.ForkedBooter.main(ForkedBooter.java:75)
]]>
            </full-stacktrace>
          </exception> <!-- org.openqa.selenium.NoSuchElementException -->
          <reporter-output>
          </reporter-output>
        </test-method> <!-- pageTitleWinbackTest -->
        <test-method is-config="true" signature="tearDown()[pri:0, instance:com.ref.amaxinsurance.winback.tests.ReferenceReportPageTitleTest@551bdc27]" started-at="2022-10-31T21:21:18 PDT" name="tearDown" finished-at="2022-10-31T21:21:18 PDT" duration-ms="109" status="PASS">
          <reporter-output>
          </reporter-output>
        </test-method> <!-- tearDown -->
      </class> <!-- com.ref.amaxinsurance.winback.tests.ReferenceReportPageTitleTest -->
      <class name="com.budgetandvarianceapp.tests.BudgetAndVarianceHomePageTest">
        <test-method is-config="true" signature="setUp()[pri:0, instance:com.budgetandvarianceapp.tests.BudgetAndVarianceHomePageTest@2d2e5f00]" started-at="2022-10-31T21:34:46 PDT" name="setUp" finished-at="2022-10-31T21:34:58 PDT" duration-ms="12577" status="PASS">
          <reporter-output>
          </reporter-output>
        </test-method> <!-- setUp -->
        <test-method signature="getPageTitleTest()[pri:0, instance:com.budgetandvarianceapp.tests.BudgetAndVarianceHomePageTest@2d2e5f00]" started-at="2022-10-31T21:34:58 PDT" name="getPageTitleTest" finished-at="2022-10-31T21:34:58 PDT" duration-ms="4" status="PASS">
          <reporter-output>
          </reporter-output>
        </test-method> <!-- getPageTitleTest -->
        <test-method is-config="true" signature="tearDown()[pri:0, instance:com.budgetandvarianceapp.tests.BudgetAndVarianceHomePageTest@2d2e5f00]" started-at="2022-10-31T21:34:58 PDT" name="tearDown" finished-at="2022-10-31T21:34:58 PDT" duration-ms="133" status="PASS">
          <reporter-output>
          </reporter-output>
        </test-method> <!-- tearDown -->
      </class> <!-- com.budgetandvarianceapp.tests.BudgetAndVarianceHomePageTest -->
      <class name="com.amaxinsurance.tests.CareersPageTest">
        <test-method is-config="true" signature="setUp()[pri:0, instance:com.amaxinsurance.tests.CareersPageTest@7f77e91b]" started-at="2022-10-31T21:29:49 PDT" name="setUp" finished-at="2022-10-31T21:30:15 PDT" duration-ms="26478" status="PASS">
          <reporter-output>
          </reporter-output>
        </test-method> <!-- setUp -->
        <test-method signature="verifyPageTitle()[pri:0, instance:com.amaxinsurance.tests.CareersPageTest@7f77e91b]" started-at="2022-10-31T21:30:15 PDT" name="verifyPageTitle" finished-at="2022-10-31T21:30:24 PDT" duration-ms="8292" status="PASS">
          <reporter-output>
          </reporter-output>
        </test-method> <!-- verifyPageTitle -->
        <test-method is-config="true" signature="tearDown()[pri:0, instance:com.amaxinsurance.tests.CareersPageTest@7f77e91b]" started-at="2022-10-31T21:30:24 PDT" name="tearDown" finished-at="2022-10-31T21:30:24 PDT" duration-ms="1" status="PASS">
          <reporter-output>
          </reporter-output>
        </test-method> <!-- tearDown -->
      </class> <!-- com.amaxinsurance.tests.CareersPageTest -->
      <class name="com.amaxinsurance.tests.ContactUsPageTest">
        <test-method is-config="true" signature="setUp()[pri:0, instance:com.amaxinsurance.tests.ContactUsPageTest@c540f5a]" started-at="2022-10-31T21:25:35 PDT" name="setUp" finished-at="2022-10-31T21:26:03 PDT" duration-ms="27963" status="PASS">
          <reporter-output>
          </reporter-output>
        </test-method> <!-- setUp -->
        <test-method signature="verifyPageTitle()[pri:0, instance:com.amaxinsurance.tests.ContactUsPageTest@c540f5a]" started-at="2022-10-31T21:26:03 PDT" name="verifyPageTitle" finished-at="2022-10-31T21:26:10 PDT" duration-ms="6974" status="PASS">
          <reporter-output>
          </reporter-output>
        </test-method> <!-- verifyPageTitle -->
        <test-method is-config="true" signature="tearDown()[pri:0, instance:com.amaxinsurance.tests.ContactUsPageTest@c540f5a]" started-at="2022-10-31T21:26:10 PDT" name="tearDown" finished-at="2022-10-31T21:26:10 PDT" duration-ms="1" status="PASS">
          <reporter-output>
          </reporter-output>
        </test-method> <!-- tearDown -->
      </class> <!-- com.amaxinsurance.tests.ContactUsPageTest -->
      <class name="com.amaxinsurance.tests.BlogPageTest">
        <test-method is-config="true" signature="setUp()[pri:0, instance:com.amaxinsurance.tests.BlogPageTest@61009542]" started-at="2022-10-31T21:27:28 PDT" name="setUp" finished-at="2022-10-31T21:27:58 PDT" duration-ms="29037" status="PASS">
          <reporter-output>
          </reporter-output>
        </test-method> <!-- setUp -->
        <test-method signature="verifyPageTitle()[pri:0, instance:com.amaxinsurance.tests.BlogPageTest@61009542]" started-at="2022-10-31T21:27:58 PDT" name="verifyPageTitle" finished-at="2022-10-31T21:28:09 PDT" duration-ms="11100" status="PASS">
          <reporter-output>
          </reporter-output>
        </test-method> <!-- verifyPageTitle -->
        <test-method is-config="true" signature="tearDown()[pri:0, instance:com.amaxinsurance.tests.BlogPageTest@61009542]" started-at="2022-10-31T21:28:09 PDT" name="tearDown" finished-at="2022-10-31T21:28:09 PDT" duration-ms="1" status="PASS">
          <reporter-output>
          </reporter-output>
        </test-method> <!-- tearDown -->
      </class> <!-- com.amaxinsurance.tests.BlogPageTest -->
      <class name="re.tests.GetQuoteManuallyTest">
        <test-method is-config="true" signature="setUp()[pri:0, instance:re.tests.GetQuoteManuallyTest@41ee392b]" started-at="2022-10-31T21:36:59 PDT" name="setUp" finished-at="2022-10-31T21:37:28 PDT" duration-ms="28969" status="PASS">
          <reporter-output>
          </reporter-output>
        </test-method> <!-- setUp -->
        <test-method signature="getQuoteManually()[pri:0, instance:re.tests.GetQuoteManuallyTest@41ee392b]" started-at="2022-10-31T21:37:28 PDT" name="getQuoteManually" finished-at="2022-10-31T21:57:20 PDT" duration-ms="1192409" status="FAIL">
          <exception class="org.openqa.selenium.TimeoutException">
            <message>
              <![CDATA[java.util.concurrent.TimeoutException
Build info: version: '4.1.1', revision: 'e8fcc2cecf'
System info: host: 'Matts-MBP', ip: '2600:8802:170d:5000:0:0:0:1f02%en0', os.name: 'Mac OS X', os.arch: 'aarch64', os.version: '13.0', java.version: '19'
Driver info: org.openqa.selenium.chrome.ChromeDriver
Command: [d991e5ec216dc03c019d215885fb580e, findElement {using=id, value=vehicle-make}]
Capabilities {acceptInsecureCerts: false, browserName: chrome, browserVersion: 107.0.5304.87, chrome: {chromedriverVersion: 107.0.5304.62 (1eec40d3a576..., userDataDir: /var/folders/tl/cz3zsyk91m1...}, goog:chromeOptions: {debuggerAddress: localhost:52979}, javascriptEnabled: true, networkConnectionEnabled: false, pageLoadStrategy: normal, platform: MAC, platformName: MAC, proxy: Proxy(), se:cdp: ws://localhost:52979/devtoo..., se:cdpVersion: 107.0.5304.87, setWindowRect: true, strictFileInteractability: false, timeouts: {implicit: 0, pageLoad: 300000, script: 30000}, unhandledPromptBehavior: dismiss and notify, webauthn:extension:credBlob: true, webauthn:extension:largeBlob: true, webauthn:virtualAuthenticators: true}
Session ID: d991e5ec216dc03c019d215885fb580e]]>
            </message>
            <full-stacktrace>
              <![CDATA[org.openqa.selenium.TimeoutException: java.util.concurrent.TimeoutException
Build info: version: '4.1.1', revision: 'e8fcc2cecf'
System info: host: 'Matts-MBP', ip: '2600:8802:170d:5000:0:0:0:1f02%en0', os.name: 'Mac OS X', os.arch: 'aarch64', os.version: '13.0', java.version: '19'
Driver info: org.openqa.selenium.chrome.ChromeDriver
Command: [d991e5ec216dc03c019d215885fb580e, findElement {using=id, value=vehicle-make}]
Capabilities {acceptInsecureCerts: false, browserName: chrome, browserVersion: 107.0.5304.87, chrome: {chromedriverVersion: 107.0.5304.62 (1eec40d3a576..., userDataDir: /var/folders/tl/cz3zsyk91m1...}, goog:chromeOptions: {debuggerAddress: localhost:52979}, javascriptEnabled: true, networkConnectionEnabled: false, pageLoadStrategy: normal, platform: MAC, platformName: MAC, proxy: Proxy(), se:cdp: ws://localhost:52979/devtoo..., se:cdpVersion: 107.0.5304.87, setWindowRect: true, strictFileInteractability: false, timeouts: {implicit: 0, pageLoad: 300000, script: 30000}, unhandledPromptBehavior: dismiss and notify, webauthn:extension:credBlob: true, webauthn:extension:largeBlob: true, webauthn:virtualAuthenticators: true}
Session ID: d991e5ec216dc03c019d215885fb580e
at org.openqa.selenium.remote.http.netty.NettyHttpHandler.makeCall(NettyHttpHandler.java:72)
at org.openqa.selenium.remote.http.RetryRequest.lambda$apply$6(RetryRequest.java:83)
at net.jodah.failsafe.Functions.lambda$get$0(Functions.java:48)
at net.jodah.failsafe.RetryPolicyExecutor.lambda$supply$0(RetryPolicyExecutor.java:66)
at net.jodah.failsafe.RetryPolicyExecutor.lambda$supply$0(RetryPolicyExecutor.java:66)
at net.jodah.failsafe.RetryPolicyExecutor.lambda$supply$0(RetryPolicyExecutor.java:66)
at net.jodah.failsafe.Execution.executeSync(Execution.java:128)
at net.jodah.failsafe.FailsafeExecutor.call(FailsafeExecutor.java:379)
at net.jodah.failsafe.FailsafeExecutor.get(FailsafeExecutor.java:68)
at org.openqa.selenium.remote.http.RetryRequest.lambda$apply$7(RetryRequest.java:83)
at org.openqa.selenium.remote.http.AddSeleniumUserAgent.lambda$apply$0(AddSeleniumUserAgent.java:42)
at org.openqa.selenium.remote.http.Filter.lambda$andFinally$1(Filter.java:56)
at org.openqa.selenium.remote.http.netty.NettyHttpHandler.execute(NettyHttpHandler.java:51)
at org.openqa.selenium.remote.http.RetryRequest.lambda$apply$6(RetryRequest.java:83)
at net.jodah.failsafe.Functions.lambda$get$0(Functions.java:48)
at net.jodah.failsafe.RetryPolicyExecutor.lambda$supply$0(RetryPolicyExecutor.java:66)
at net.jodah.failsafe.RetryPolicyExecutor.lambda$supply$0(RetryPolicyExecutor.java:66)
at net.jodah.failsafe.RetryPolicyExecutor.lambda$supply$0(RetryPolicyExecutor.java:66)
at net.jodah.failsafe.Execution.executeSync(Execution.java:128)
at net.jodah.failsafe.FailsafeExecutor.call(FailsafeExecutor.java:379)
at net.jodah.failsafe.FailsafeExecutor.get(FailsafeExecutor.java:68)
at org.openqa.selenium.remote.http.RetryRequest.lambda$apply$7(RetryRequest.java:83)
at org.openqa.selenium.remote.http.AddSeleniumUserAgent.lambda$apply$0(AddSeleniumUserAgent.java:42)
at org.openqa.selenium.remote.http.Filter.lambda$andFinally$1(Filter.java:56)
at org.openqa.selenium.remote.http.netty.NettyClient.execute(NettyClient.java:110)
at org.openqa.selenium.remote.HttpCommandExecutor.execute(HttpCommandExecutor.java:181)
at org.openqa.selenium.remote.service.DriverCommandExecutor.invokeExecute(DriverCommandExecutor.java:167)
at org.openqa.selenium.remote.service.DriverCommandExecutor.execute(DriverCommandExecutor.java:142)
at org.openqa.selenium.remote.RemoteWebDriver.execute(RemoteWebDriver.java:543)
at org.openqa.selenium.remote.ElementLocation$ElementFinder$2.findElement(ElementLocation.java:162)
at org.openqa.selenium.remote.ElementLocation.findElement(ElementLocation.java:60)
at org.openqa.selenium.remote.RemoteWebDriver.findElement(RemoteWebDriver.java:367)
at org.openqa.selenium.remote.RemoteWebDriver.findElement(RemoteWebDriver.java:359)
at org.openqa.selenium.support.pagefactory.DefaultElementLocator.findElement(DefaultElementLocator.java:70)
at org.openqa.selenium.support.pagefactory.internal.LocatingElementHandler.invoke(LocatingElementHandler.java:39)
at jdk.proxy2/jdk.proxy2.$Proxy14.getTagName(Unknown Source)
at org.openqa.selenium.support.ui.Select.<init>(Select.java:46)
at re.pages.GetQuoteManuallyPage.getQuoteManually(GetQuoteManuallyPage.java:130)
at re.tests.GetQuoteManuallyTest.getQuoteManually(GetQuoteManuallyTest.java:24)
at java.base/jdk.internal.reflect.DirectMethodHandleAccessor.invoke(DirectMethodHandleAccessor.java:104)
at java.base/java.lang.reflect.Method.invoke(Method.java:578)
at org.testng.internal.invokers.MethodInvocationHelper.invokeMethod(MethodInvocationHelper.java:135)
at org.testng.internal.invokers.TestInvoker.invokeMethod(TestInvoker.java:673)
at org.testng.internal.invokers.TestInvoker.invokeTestMethod(TestInvoker.java:220)
at org.testng.internal.invokers.MethodRunner.runInSequence(MethodRunner.java:50)
at org.testng.internal.invokers.TestInvoker$MethodInvocationAgent.invoke(TestInvoker.java:945)
at org.testng.internal.invokers.TestInvoker.invokeTestMethods(TestInvoker.java:193)
at org.testng.internal.invokers.TestMethodWorker.invokeTestMethods(TestMethodWorker.java:146)
at org.testng.internal.invokers.TestMethodWorker.run(TestMethodWorker.java:128)
at java.base/java.util.ArrayList.forEach(ArrayList.java:1511)
at org.testng.TestRunner.privateRun(TestRunner.java:808)
at org.testng.TestRunner.run(TestRunner.java:603)
at org.testng.SuiteRunner.runTest(SuiteRunner.java:429)
at org.testng.SuiteRunner.runSequentially(SuiteRunner.java:423)
at org.testng.SuiteRunner.privateRun(SuiteRunner.java:383)
at org.testng.SuiteRunner.run(SuiteRunner.java:326)
at org.testng.SuiteRunnerWorker.runSuite(SuiteRunnerWorker.java:52)
at org.testng.SuiteRunnerWorker.run(SuiteRunnerWorker.java:95)
at org.testng.TestNG.runSuitesSequentially(TestNG.java:1249)
at org.testng.TestNG.runSuitesLocally(TestNG.java:1169)
at org.testng.TestNG.runSuites(TestNG.java:1092)
at org.testng.TestNG.run(TestNG.java:1060)
at org.apache.maven.surefire.testng.TestNGExecutor.run(TestNGExecutor.java:77)
at org.apache.maven.surefire.testng.TestNGDirectoryTestSuite.executeMulti(TestNGDirectoryTestSuite.java:159)
at org.apache.maven.surefire.testng.TestNGDirectoryTestSuite.execute(TestNGDirectoryTestSuite.java:99)
at org.apache.maven.surefire.testng.TestNGProvider.invoke(TestNGProvider.java:106)
at java.base/jdk.internal.reflect.DirectMethodHandleAccessor.invoke(DirectMethodHandleAccessor.java:104)
at java.base/java.lang.reflect.Method.invoke(Method.java:578)
at org.apache.maven.surefire.util.ReflectionUtils.invokeMethodWithArray(ReflectionUtils.java:189)
at org.apache.maven.surefire.booter.ProviderFactory$ProviderProxy.invoke(ProviderFactory.java:165)
at org.apache.maven.surefire.booter.ProviderFactory.invokeProvider(ProviderFactory.java:85)
at org.apache.maven.surefire.booter.ForkedBooter.runSuitesInProcess(ForkedBooter.java:115)
at org.apache.maven.surefire.booter.ForkedBooter.main(ForkedBooter.java:75)
Caused by: java.util.concurrent.TimeoutException
at java.base/java.util.concurrent.CompletableFuture.timedGet(CompletableFuture.java:1960)
at java.base/java.util.concurrent.CompletableFuture.get(CompletableFuture.java:2095)
at org.asynchttpclient.netty.NettyResponseFuture.get(NettyResponseFuture.java:206)
at org.openqa.selenium.remote.http.netty.NettyHttpHandler.makeCall(NettyHttpHandler.java:66)
... 72 more
]]>
            </full-stacktrace>
          </exception> <!-- org.openqa.selenium.TimeoutException -->
          <reporter-output>
          </reporter-output>
        </test-method> <!-- getQuoteManually -->
        <test-method is-config="true" signature="tearDown()[pri:0, instance:re.tests.GetQuoteManuallyTest@41ee392b]" started-at="2022-10-31T21:57:20 PDT" name="tearDown" finished-at="2022-10-31T21:57:20 PDT" duration-ms="1" status="PASS">
          <reporter-output>
          </reporter-output>
        </test-method> <!-- tearDown -->
      </class> <!-- re.tests.GetQuoteManuallyTest -->
      <class name="com.amaxinsurance.tests.BoatsAndWatercraftPageQuoteTest">
        <test-method is-config="true" signature="setUp()[pri:0, instance:com.amaxinsurance.tests.BoatsAndWatercraftPageQuoteTest@29ba4338]" started-at="2022-10-31T21:23:36 PDT" name="setUp" finished-at="2022-10-31T21:24:08 PDT" duration-ms="31753" status="PASS">
          <reporter-output>
          </reporter-output>
        </test-method> <!-- setUp -->
        <test-method signature="verifyPageTitle()[pri:0, instance:com.amaxinsurance.tests.BoatsAndWatercraftPageQuoteTest@29ba4338]" started-at="2022-10-31T21:24:08 PDT" name="verifyPageTitle" finished-at="2022-10-31T21:24:17 PDT" duration-ms="9531" status="PASS">
          <reporter-output>
          </reporter-output>
        </test-method> <!-- verifyPageTitle -->
        <test-method is-config="true" signature="tearDown()[pri:0, instance:com.amaxinsurance.tests.BoatsAndWatercraftPageQuoteTest@29ba4338]" started-at="2022-10-31T21:24:17 PDT" name="tearDown" finished-at="2022-10-31T21:24:17 PDT" duration-ms="0" status="PASS">
          <reporter-output>
          </reporter-output>
        </test-method> <!-- tearDown -->
      </class> <!-- com.amaxinsurance.tests.BoatsAndWatercraftPageQuoteTest -->
      <class name="com.amaxinsurance.tests.SuretyBondQuotePageTest">
        <test-method is-config="true" signature="setUp()[pri:0, instance:com.amaxinsurance.tests.SuretyBondQuotePageTest@4206a205]" started-at="2022-10-31T21:23:03 PDT" name="setUp" finished-at="2022-10-31T21:23:29 PDT" duration-ms="25970" status="PASS">
          <reporter-output>
          </reporter-output>
        </test-method> <!-- setUp -->
        <test-method signature="verifyPageTitle()[pri:0, instance:com.amaxinsurance.tests.SuretyBondQuotePageTest@4206a205]" started-at="2022-10-31T21:23:29 PDT" name="verifyPageTitle" finished-at="2022-10-31T21:23:36 PDT" duration-ms="6725" status="PASS">
          <reporter-output>
          </reporter-output>
        </test-method> <!-- verifyPageTitle -->
        <test-method is-config="true" signature="tearDown()[pri:0, instance:com.amaxinsurance.tests.SuretyBondQuotePageTest@4206a205]" started-at="2022-10-31T21:23:36 PDT" name="tearDown" finished-at="2022-10-31T21:23:36 PDT" duration-ms="0" status="PASS">
          <reporter-output>
          </reporter-output>
        </test-method> <!-- tearDown -->
      </class> <!-- com.amaxinsurance.tests.SuretyBondQuotePageTest -->
      <class name="com.amaxinsurance.tests.RVQuotePageTest">
        <test-method is-config="true" signature="setUp()[pri:0, instance:com.amaxinsurance.tests.RVQuotePageTest@c8e4bb0]" started-at="2022-10-31T21:21:54 PDT" name="setUp" finished-at="2022-10-31T21:22:22 PDT" duration-ms="27617" status="PASS">
          <reporter-output>
          </reporter-output>
        </test-method> <!-- setUp -->
        <test-method signature="verifyPageTitle()[pri:0, instance:com.amaxinsurance.tests.RVQuotePageTest@c8e4bb0]" started-at="2022-10-31T21:22:22 PDT" name="verifyPageTitle" finished-at="2022-10-31T21:22:30 PDT" duration-ms="7554" status="PASS">
          <reporter-output>
          </reporter-output>
        </test-method> <!-- verifyPageTitle -->
        <test-method is-config="true" signature="tearDown()[pri:0, instance:com.amaxinsurance.tests.RVQuotePageTest@c8e4bb0]" started-at="2022-10-31T21:22:30 PDT" name="tearDown" finished-at="2022-10-31T21:22:30 PDT" duration-ms="0" status="PASS">
          <reporter-output>
          </reporter-output>
        </test-method> <!-- tearDown -->
      </class> <!-- com.amaxinsurance.tests.RVQuotePageTest -->
      <class name="com.amaxinsurance.tests.OurCompanyPageTest">
        <test-method is-config="true" signature="setUp()[pri:0, instance:com.amaxinsurance.tests.OurCompanyPageTest@77e9807f]" started-at="2022-10-31T21:28:09 PDT" name="setUp" finished-at="2022-10-31T21:28:31 PDT" duration-ms="22490" status="PASS">
          <reporter-output>
          </reporter-output>
        </test-method> <!-- setUp -->
        <test-method signature="verifyPageTitle()[pri:0, instance:com.amaxinsurance.tests.OurCompanyPageTest@77e9807f]" started-at="2022-10-31T21:28:31 PDT" name="verifyPageTitle" finished-at="2022-10-31T21:28:41 PDT" duration-ms="9535" status="PASS">
          <reporter-output>
          </reporter-output>
        </test-method> <!-- verifyPageTitle -->
        <test-method is-config="true" signature="tearDown()[pri:0, instance:com.amaxinsurance.tests.OurCompanyPageTest@77e9807f]" started-at="2022-10-31T21:28:41 PDT" name="tearDown" finished-at="2022-10-31T21:28:41 PDT" duration-ms="0" status="PASS">
          <reporter-output>
          </reporter-output>
        </test-method> <!-- tearDown -->
      </class> <!-- com.amaxinsurance.tests.OurCompanyPageTest -->
      <class name="com.amaxinsurance.tests.HomeownersQuotePageTest">
        <test-method is-config="true" signature="setUp()[pri:0, instance:com.amaxinsurance.tests.HomeownersQuotePageTest@448ff1a8]" started-at="2022-10-31T21:28:41 PDT" name="setUp" finished-at="2022-10-31T21:29:07 PDT" duration-ms="26189" status="PASS">
          <reporter-output>
          </reporter-output>
        </test-method> <!-- setUp -->
        <test-method signature="verifyPageTitle()[pri:0, instance:com.amaxinsurance.tests.HomeownersQuotePageTest@448ff1a8]" started-at="2022-10-31T21:29:07 PDT" name="verifyPageTitle" finished-at="2022-10-31T21:29:15 PDT" duration-ms="8503" status="PASS">
          <reporter-output>
          </reporter-output>
        </test-method> <!-- verifyPageTitle -->
        <test-method is-config="true" signature="tearDown()[pri:0, instance:com.amaxinsurance.tests.HomeownersQuotePageTest@448ff1a8]" started-at="2022-10-31T21:29:15 PDT" name="tearDown" finished-at="2022-10-31T21:29:15 PDT" duration-ms="0" status="PASS">
          <reporter-output>
          </reporter-output>
        </test-method> <!-- tearDown -->
      </class> <!-- com.amaxinsurance.tests.HomeownersQuotePageTest -->
      <class name="com.amaxinsurance.tests.MakaAClaimPageTest">
        <test-method is-config="true" signature="setUp()[pri:0, instance:com.amaxinsurance.tests.MakaAClaimPageTest@6279cee3]" started-at="2022-10-31T21:22:30 PDT" name="setUp" finished-at="2022-10-31T21:22:58 PDT" duration-ms="28228" status="PASS">
          <reporter-output>
          </reporter-output>
        </test-method> <!-- setUp -->
        <test-method signature="verifyPageTitle()[pri:0, instance:com.amaxinsurance.tests.MakaAClaimPageTest@6279cee3]" started-at="2022-10-31T21:22:58 PDT" name="verifyPageTitle" finished-at="2022-10-31T21:23:03 PDT" duration-ms="5668" status="PASS">
          <reporter-output>
          </reporter-output>
        </test-method> <!-- verifyPageTitle -->
        <test-method is-config="true" signature="tearDown()[pri:0, instance:com.amaxinsurance.tests.MakaAClaimPageTest@6279cee3]" started-at="2022-10-31T21:23:03 PDT" name="tearDown" finished-at="2022-10-31T21:23:03 PDT" duration-ms="0" status="PASS">
          <reporter-output>
          </reporter-output>
        </test-method> <!-- tearDown -->
      </class> <!-- com.amaxinsurance.tests.MakaAClaimPageTest -->
      <class name="com.amaxinsurance.tests.FaQsPageTest">
        <test-method is-config="true" signature="setUp()[pri:0, instance:com.amaxinsurance.tests.FaQsPageTest@62e136d3]" started-at="2022-10-31T21:21:18 PDT" name="setUp" finished-at="2022-10-31T21:21:45 PDT" duration-ms="26977" status="PASS">
          <reporter-output>
          </reporter-output>
        </test-method> <!-- setUp -->
        <test-method signature="verifyPageTitle()[pri:0, instance:com.amaxinsurance.tests.FaQsPageTest@62e136d3]" started-at="2022-10-31T21:21:45 PDT" name="verifyPageTitle" finished-at="2022-10-31T21:21:54 PDT" duration-ms="9276" status="PASS">
          <reporter-output>
          </reporter-output>
        </test-method> <!-- verifyPageTitle -->
        <test-method is-config="true" signature="tearDown()[pri:0, instance:com.amaxinsurance.tests.FaQsPageTest@62e136d3]" started-at="2022-10-31T21:21:54 PDT" name="tearDown" finished-at="2022-10-31T21:21:54 PDT" duration-ms="0" status="PASS">
          <reporter-output>
          </reporter-output>
        </test-method> <!-- tearDown -->
      </class> <!-- com.amaxinsurance.tests.FaQsPageTest -->
      <class name="com.amaxinsurance.tests.MobileHomeQuotePageTest">
        <test-method is-config="true" signature="setUp()[pri:0, instance:com.amaxinsurance.tests.MobileHomeQuotePageTest@15bb6bea]" started-at="2022-10-31T21:33:24 PDT" name="setUp" finished-at="2022-10-31T21:33:53 PDT" duration-ms="29126" status="PASS">
          <reporter-output>
          </reporter-output>
        </test-method> <!-- setUp -->
        <test-method signature="verifyPageTitle()[pri:0, instance:com.amaxinsurance.tests.MobileHomeQuotePageTest@15bb6bea]" started-at="2022-10-31T21:33:53 PDT" name="verifyPageTitle" finished-at="2022-10-31T21:34:01 PDT" duration-ms="7971" status="PASS">
          <reporter-output>
          </reporter-output>
        </test-method> <!-- verifyPageTitle -->
        <test-method is-config="true" signature="tearDown()[pri:0, instance:com.amaxinsurance.tests.MobileHomeQuotePageTest@15bb6bea]" started-at="2022-10-31T21:34:01 PDT" name="tearDown" finished-at="2022-10-31T21:34:01 PDT" duration-ms="1" status="PASS">
          <reporter-output>
          </reporter-output>
        </test-method> <!-- tearDown -->
      </class> <!-- com.amaxinsurance.tests.MobileHomeQuotePageTest -->
      <class name="com.amaxinsurance.tests.NotaryServicesQuotePageTest">
        <test-method is-config="true" signature="setUp()[pri:0, instance:com.amaxinsurance.tests.NotaryServicesQuotePageTest@4d826d77]" started-at="2022-10-31T21:26:49 PDT" name="setUp" finished-at="2022-10-31T21:27:22 PDT" duration-ms="32475" status="PASS">
          <reporter-output>
          </reporter-output>
        </test-method> <!-- setUp -->
        <test-method signature="verifyPageTitle()[pri:0, instance:com.amaxinsurance.tests.NotaryServicesQuotePageTest@4d826d77]" started-at="2022-10-31T21:27:22 PDT" name="verifyPageTitle" finished-at="2022-10-31T21:27:28 PDT" duration-ms="6633" status="PASS">
          <reporter-output>
          </reporter-output>
        </test-method> <!-- verifyPageTitle -->
        <test-method is-config="true" signature="tearDown()[pri:0, instance:com.amaxinsurance.tests.NotaryServicesQuotePageTest@4d826d77]" started-at="2022-10-31T21:27:28 PDT" name="tearDown" finished-at="2022-10-31T21:27:28 PDT" duration-ms="0" status="PASS">
          <reporter-output>
          </reporter-output>
        </test-method> <!-- tearDown -->
      </class> <!-- com.amaxinsurance.tests.NotaryServicesQuotePageTest -->
    </test> <!-- Command line test -->
  </suite> <!-- Command line suite -->
</testng-results>
